Running Gradle task 'assembleDebug'...                          
flutter : 
At line:1 char:1
+ flutter build apk 
--debug > 
build_log_3.txt 2>&1
+ ~~~~~~~~~~~~~~~~~~~
~~~~~~~~~~~~~~~~~~~~~
~~~~~~~~
    + CategoryInfo   
           : NotSpe  
  cified: (:String   
 ) [], RemoteExce    
ption
    + FullyQualified 
   ErrorId : Native  
  CommandError
 
FAILURE: Build 
failed with an 
exception.

* What went wrong:
Execution failed for 
task ':app:checkDebug
AarMetadata'.
> A failure occurred 
while executing com.a
ndroid.build.gradle.i
nternal.tasks.CheckAa
rMetadataWorkAction
   > An issue was 
found when checking 
AAR metadata:

       1.  
Dependency ':flutter_
local_notifications' 
requires core 
library desugaring 
to be enabled
           for :app.

           See https:
//developer.android.c
om/studio/write/java8
-support.html for 
more
           details.

* Try:
> Run with 
--stacktrace option 
to get the stack 
trace.
> Run with --info or 
--debug option to 
get more log output.
> Run with --scan to 
get full insights.
> Get more help at ht
tps://help.gradle.org
.

BUILD FAILED in 6s
Running Gradle task 'assembleDebug'...                              6.8s
Gradle task 
assembleDebug failed 
with exit code 1
