Running Gradle task 'assembleDebug'...                          
flutter : 
At line:1 char:1
+ flutter build apk 
--debug > 
build_log_4.txt 2>&1
+ ~~~~~~~~~~~~~~~~~~~
~~~~~~~~~~~~~~~~~~~~~
~~~~~~~~
    + CategoryInfo   
           : NotSpe  
  cified: (:String   
 ) [], RemoteExce    
ption
    + FullyQualified 
   ErrorId : Native  
  CommandError
 
FAILURE: Build 
failed with an 
exception.

* What went wrong:
Execution failed for 
task ':app:checkDebug
AarMetadata'.
> A failure occurred 
while executing com.a
ndroid.build.gradle.i
nternal.tasks.CheckAa
rMetadataWorkAction
   > An issue was 
found when checking 
AAR metadata:

       1.  
Dependency ':flutter_
local_notifications' 
requires 
desugar_jdk_libs 
version to be
           2.1.4 or 
above for :app, 
which is currently 
2.0.3

           See https:
//d.android.com/studi
o/build/library-desug
aring for more
           details.

* Try:
> Run with 
--stacktrace option 
to get the stack 
trace.
> Run with --info or 
--debug option to 
get more log output.
> Run with --scan to 
get full insights.
> Get more help at ht
tps://help.gradle.org
.

BUILD FAILED in 2s
Running Gradle task 'assembleDebug'...                              3.3s
Gradle task 
assembleDebug failed 
with exit code 1
